Using pre-set license

 COMMAND LINE ARGUMENTS:
/Applications/Unity/Hub/Editor/2020.3.4f1/Unity.app/Contents/MacOS/Unity
-adb2
-batchMode
-noUpm
-name
AssetImportWorker0
-projectPath
/Users/callumbennett.dev/Documents/GitHub/S1A2 - Ben & Callum
-logFile
Logs/AssetImportWorker0.log
-srvPort
49484
Successfully changed project path to: /Users/callumbennett.dev/Documents/GitHub/S1A2 - Ben & Callum
/Users/callumbennett.dev/Documents/GitHub/S1A2 - Ben & Callum
Using Asset Import Pipeline V2.
Refreshing native plugins compatible for Editor in 38.64 ms, found 2 plugins.
Preloading 0 native plugins for Editor in 0.00 ms.
Initialize engine version: 2020.3.4f1 (0abb6314276a)
[Subsystems] Discovering subsystems at path /Applications/Unity/Hub/Editor/2020.3.4f1/Unity.app/Contents/Resources/UnitySubsystems
[Subsystems] Discovering subsystems at path /Users/callumbennett.dev/Documents/GitHub/S1A2 - Ben & Callum/Assets
GfxDevice: creating device client; threaded=0
2021-04-28 15:02:25.270 Unity[971:25845] Color LCD preferred device: Intel(R) Iris(TM) Plus Graphics 655 (low power)
2021-04-28 15:02:25.270 Unity[971:25845] Metal devices available: 1
2021-04-28 15:02:25.271 Unity[971:25845] 0: Intel(R) Iris(TM) Plus Graphics 655 (low power)
2021-04-28 15:02:25.271 Unity[971:25845] Using device Intel(R) Iris(TM) Plus Graphics 655 (low power)
Initializing Metal device caps: Intel(R) Iris(TM) Plus Graphics 655
Initialize mono
Mono path[0] = '/Applications/Unity/Hub/Editor/2020.3.4f1/Unity.app/Contents/Managed'
Mono path[1] = '/Applications/Unity/Hub/Editor/2020.3.4f1/Unity.app/Contents/MonoBleedingEdge/lib/mono/unityjit'
Mono config path = '/Applications/Unity/Hub/Editor/2020.3.4f1/Unity.app/Contents/MonoBleedingEdge/etc'
Using monoOptions --debugger-agent=transport=dt_socket,embedding=1,server=y,suspend=n,address=127.0.0.1:56971
Begin MonoManager ReloadAssembly
Registering precompiled unity dll's ...
Register platform support module: /Applications/Unity/Hub/Editor/2020.3.4f1/PlaybackEngines/WebGLSupport/UnityEditor.WebGL.Extensions.dll
Register platform support module: /Applications/Unity/Hub/Editor/2020.3.4f1/Unity.app/Contents/PlaybackEngines/MacStandaloneSupport/UnityEditor.OSXStandalone.Extensions.dll
Register platform support module: /Applications/Unity/Hub/Editor/2020.3.4f1/PlaybackEngines/WindowsStandaloneSupport/UnityEditor.WindowsStandalone.Extensions.dll
Register platform support module: /Applications/Unity/Hub/Editor/2020.3.4f1/PlaybackEngines/LinuxStandaloneSupport/UnityEditor.LinuxStandalone.Extensions.dll
Registered in 0.001048 seconds.
Native extension for LinuxStandalone target not found
Native extension for WindowsStandalone target not found
Native extension for OSXStandalone target not found
Native extension for WebGL target not found
Refreshing native plugins compatible for Editor in 36.54 ms, found 2 plugins.
Preloading 0 native plugins for Editor in 0.00 ms.
Mono: successfully reloaded assembly
- Completed reload, in  3.123 seconds
Platform modules already initialized, skipping
Registering precompiled user dll's ...
Registered in 0.000597 seconds.
Begin MonoManager ReloadAssembly
Native extension for LinuxStandalone target not found
Native extension for WindowsStandalone target not found
Native extension for OSXStandalone target not found
Native extension for WebGL target not found
Refreshing native plugins compatible for Editor in 38.08 ms, found 2 plugins.
Preloading 0 native plugins for Editor in 0.00 ms.
Mono: successfully reloaded assembly
- Completed reload, in  1.149 seconds
Platform modules already initialized, skipping
========================================================================
Worker process is ready to serve import requests
Launching external process: /Applications/Unity/Hub/Editor/2020.3.4f1/Unity.app/Contents/Tools/UnityShaderCompiler
Launched and connected shader compiler UnityShaderCompiler after 0.01 seconds
Refreshing native plugins compatible for Editor in 0.43 ms, found 2 plugins.
Preloading 0 native plugins for Editor in 0.00 ms.
Unloading 1822 Unused Serialized files (Serialized files now loaded: 0)
System memory in use before: 150.3 MB.
System memory in use after: 150.2 MB.

Unloading 24 unused Assets to reduce memory usage. Loaded Objects now: 2265.
Total: 2.979871 ms (FindLiveObjects: 0.384555 ms CreateObjectMapping: 0.095792 ms MarkObjects: 2.305781 ms  DeleteObjects: 0.192000 ms)

========================================================================
Received Import Request.
  path: Assets/icon png file.png
  artifactKey: Guid(6b255b6f68d5d4de8a2d12577c05f7bc) Importer(815301076,1909f56bfc062723c751e8b465ee728b)
Start importing Assets/icon png file.png using Guid(6b255b6f68d5d4de8a2d12577c05f7bc) Importer(815301076,1909f56bfc062723c751e8b465ee728b)  -> (artifact id: '6cd144ee8b8094805d0fd9098c19b3ab') in 1.165639 seconds
  Import took 1.170635 seconds .

========================================================================
Received Import Request.
  Time since last request: 457.588225 seconds.
  path: Assets/Callum/icon png file.png
  artifactKey: Guid(37ce3feb8c4534758bb423fd2d49d1ec) Importer(815301076,1909f56bfc062723c751e8b465ee728b)
Start importing Assets/Callum/icon png file.png using Guid(37ce3feb8c4534758bb423fd2d49d1ec) Importer(815301076,1909f56bfc062723c751e8b465ee728b)  -> (artifact id: '95de2055adc17a87ec9beda48de948ec') in 0.016172 seconds
  Import took 0.020730 seconds .

========================================================================
Received Import Request.
  Time since last request: 0.000323 seconds.
  path: Assets/Callum/noun_Ned Kelly_878372.png
  artifactKey: Guid(dac574da1082d4be2a1ea8b46b2d1c99) Importer(815301076,1909f56bfc062723c751e8b465ee728b)
Start importing Assets/Callum/noun_Ned Kelly_878372.png using Guid(dac574da1082d4be2a1ea8b46b2d1c99) Importer(815301076,1909f56bfc062723c751e8b465ee728b)  -> (artifact id: '2bb171d7d85dbdb5949b09f12bd9eafe') in 0.015394 seconds
  Import took 0.020785 seconds .

========================================================================
Received Prepare
Registering precompiled user dll's ...
Registered in 0.000673 seconds.
Begin MonoManager ReloadAssembly
Native extension for LinuxStandalone target not found
Native extension for WindowsStandalone target not found
Native extension for OSXStandalone target not found
Native extension for WebGL target not found
Refreshing native plugins compatible for Editor in 0.38 ms, found 2 plugins.
Preloading 0 native plugins for Editor in 0.00 ms.
Mono: successfully reloaded assembly
- Completed reload, in  1.094 seconds
Platform modules already initialized, skipping
Refreshing native plugins compatible for Editor in 0.40 ms, found 2 plugins.
Preloading 0 native plugins for Editor in 0.00 ms.
Unloading 1817 Unused Serialized files (Serialized files now loaded: 0)
System memory in use before: 158.0 MB.
System memory in use after: 158.0 MB.

Unloading 12 unused Assets to reduce memory usage. Loaded Objects now: 2275.
Total: 2.163204 ms (FindLiveObjects: 0.217827 ms CreateObjectMapping: 0.072436 ms MarkObjects: 1.769828 ms  DeleteObjects: 0.102035 ms)

========================================================================
Received Prepare
Refreshing native plugins compatible for Editor in 1.24 ms, found 2 plugins.
Preloading 0 native plugins for Editor in 0.00 ms.
Unloading 10 Unused Serialized files (Serialized files now loaded: 0)
System memory in use before: 122.4 MB.
System memory in use after: 122.3 MB.

Unloading 10 unused Assets to reduce memory usage. Loaded Objects now: 2275.
Total: 4.528008 ms (FindLiveObjects: 0.425830 ms CreateObjectMapping: 0.193988 ms MarkObjects: 3.723470 ms  DeleteObjects: 0.182285 ms)

========================================================================
Received Prepare
Refreshing native plugins compatible for Editor in 0.99 ms, found 2 plugins.
Preloading 0 native plugins for Editor in 0.00 ms.
Unloading 10 Unused Serialized files (Serialized files now loaded: 0)
System memory in use before: 122.4 MB.
System memory in use after: 122.3 MB.

Unloading 10 unused Assets to reduce memory usage. Loaded Objects now: 2275.
Total: 3.891445 ms (FindLiveObjects: 0.432126 ms CreateObjectMapping: 0.151621 ms MarkObjects: 3.154124 ms  DeleteObjects: 0.150921 ms)

========================================================================
Received Prepare
Refreshing native plugins compatible for Editor in 0.99 ms, found 2 plugins.
Preloading 0 native plugins for Editor in 0.00 ms.
Unloading 10 Unused Serialized files (Serialized files now loaded: 0)
System memory in use before: 122.4 MB.
System memory in use after: 122.4 MB.

Unloading 10 unused Assets to reduce memory usage. Loaded Objects now: 2275.
Total: 2.928000 ms (FindLiveObjects: 0.348504 ms CreateObjectMapping: 0.091444 ms MarkObjects: 2.345401 ms  DeleteObjects: 0.141047 ms)

========================================================================
Received Prepare
Refreshing native plugins compatible for Editor in 1.01 ms, found 2 plugins.
Preloading 0 native plugins for Editor in 0.00 ms.
Unloading 10 Unused Serialized files (Serialized files now loaded: 0)
System memory in use before: 122.4 MB.
System memory in use after: 122.4 MB.

Unloading 10 unused Assets to reduce memory usage. Loaded Objects now: 2275.
Total: 2.322459 ms (FindLiveObjects: 0.216577 ms CreateObjectMapping: 0.080075 ms MarkObjects: 1.919231 ms  DeleteObjects: 0.105297 ms)

========================================================================
Received Import Request.
  Time since last request: 600.577520 seconds.
  path: Assets/Callum
  artifactKey: Guid(11876c62be2ff4ff28efcafb3593868d) Importer(815301076,1909f56bfc062723c751e8b465ee728b)
Start importing Assets/Callum using Guid(11876c62be2ff4ff28efcafb3593868d) Importer(815301076,1909f56bfc062723c751e8b465ee728b)  -> (artifact id: 'bebc16a6545c998a0b7b3d821a8414b5') in 0.002646 seconds
  Import took 0.010857 seconds .

========================================================================
Received Prepare
Refreshing native plugins compatible for Editor in 1.82 ms, found 2 plugins.
Preloading 0 native plugins for Editor in 0.00 ms.
Unloading 10 Unused Serialized files (Serialized files now loaded: 0)
System memory in use before: 122.4 MB.
System memory in use after: 122.4 MB.

Unloading 10 unused Assets to reduce memory usage. Loaded Objects now: 2275.
Total: 4.441639 ms (FindLiveObjects: 0.651980 ms CreateObjectMapping: 0.273925 ms MarkObjects: 3.311519 ms  DeleteObjects: 0.201435 ms)

========================================================================
Received Prepare
Refreshing native plugins compatible for Editor in 2.29 ms, found 2 plugins.
Preloading 0 native plugins for Editor in 0.00 ms.
Unloading 10 Unused Serialized files (Serialized files now loaded: 0)
System memory in use before: 122.5 MB.
System memory in use after: 122.4 MB.

Unloading 10 unused Assets to reduce memory usage. Loaded Objects now: 2275.
Total: 4.301724 ms (FindLiveObjects: 0.354702 ms CreateObjectMapping: 0.143335 ms MarkObjects: 3.632572 ms  DeleteObjects: 0.169456 ms)

AssetImportWorkerClient::OnTransportError - code=2 error=End of file
